mode: set
github.com/codeclimate/test-reporter/formatters/report.go:52.35,63.16 5 1
github.com/codeclimate/test-reporter/formatters/report.go:71.2,71.11 1 1
github.com/codeclimate/test-reporter/formatters/report.go:63.16,66.17 3 1
github.com/codeclimate/test-reporter/formatters/report.go:66.17,68.4 1 1
github.com/codeclimate/test-reporter/formatters/report.go:74.34,82.16 3 1
github.com/codeclimate/test-reporter/formatters/report.go:86.2,103.17 4 1
github.com/codeclimate/test-reporter/formatters/report.go:82.16,84.3 1 0
github.com/codeclimate/test-reporter/formatters/report.go:106.47,107.25 1 1
github.com/codeclimate/test-reporter/formatters/report.go:118.2,118.12 1 1
github.com/codeclimate/test-reporter/formatters/report.go:107.25,108.31 1 1
github.com/codeclimate/test-reporter/formatters/report.go:111.3,111.36 1 1
github.com/codeclimate/test-reporter/formatters/report.go:108.31,110.4 1 1
github.com/codeclimate/test-reporter/formatters/report.go:111.36,113.18 2 1
github.com/codeclimate/test-reporter/formatters/report.go:113.18,115.5 1 1
github.com/codeclimate/test-reporter/formatters/report.go:121.55,123.43 2 1
github.com/codeclimate/test-reporter/formatters/report.go:129.2,133.36 4 1
github.com/codeclimate/test-reporter/formatters/report.go:138.2,140.12 3 1
github.com/codeclimate/test-reporter/formatters/report.go:123.43,125.17 2 1
github.com/codeclimate/test-reporter/formatters/report.go:125.17,127.4 1 1
github.com/codeclimate/test-reporter/formatters/report.go:133.36,137.3 3 1
github.com/codeclimate/test-reporter/formatters/report.go:143.41,145.16 2 0
github.com/codeclimate/test-reporter/formatters/report.go:148.2,149.12 2 0
github.com/codeclimate/test-reporter/formatters/report.go:145.16,147.3 1 0
github.com/codeclimate/test-reporter/formatters/source_file.go:26.61,27.40 1 1
github.com/codeclimate/test-reporter/formatters/source_file.go:31.2,31.32 1 1
github.com/codeclimate/test-reporter/formatters/source_file.go:50.2,51.15 2 1
github.com/codeclimate/test-reporter/formatters/source_file.go:27.40,29.3 1 1
github.com/codeclimate/test-reporter/formatters/source_file.go:31.32,33.27 2 1
github.com/codeclimate/test-reporter/formatters/source_file.go:39.3,39.16 1 1
github.com/codeclimate/test-reporter/formatters/source_file.go:45.3,45.16 1 1
github.com/codeclimate/test-reporter/formatters/source_file.go:33.27,36.12 2 1
github.com/codeclimate/test-reporter/formatters/source_file.go:39.16,41.12 1 1
github.com/codeclimate/test-reporter/formatters/source_file.go:45.16,47.4 1 1
github.com/codeclimate/test-reporter/formatters/source_file.go:54.40,57.32 2 1
github.com/codeclimate/test-reporter/formatters/source_file.go:68.2,69.41 2 1
github.com/codeclimate/test-reporter/formatters/source_file.go:57.32,58.15 1 1
github.com/codeclimate/test-reporter/formatters/source_file.go:61.3,62.17 2 1
github.com/codeclimate/test-reporter/formatters/source_file.go:66.3,66.15 1 1
github.com/codeclimate/test-reporter/formatters/source_file.go:58.15,59.12 1 1
github.com/codeclimate/test-reporter/formatters/source_file.go:62.17,64.12 2 1
github.com/codeclimate/test-reporter/formatters/source_file.go:72.76,73.55 1 1
github.com/codeclimate/test-reporter/formatters/source_file.go:78.2,86.16 4 1
github.com/codeclimate/test-reporter/formatters/source_file.go:73.55,76.3 2 0
github.com/codeclimate/test-reporter/formatters/source_file.go:91.53,93.23 2 0
github.com/codeclimate/test-reporter/formatters/source_file.go:97.2,97.28 1 0
github.com/codeclimate/test-reporter/formatters/source_file.go:93.23,96.3 2 0
github.com/codeclimate/test-reporter/formatters/source_file.go:100.56,103.16 3 1
github.com/codeclimate/test-reporter/formatters/source_file.go:106.2,106.26 1 1
github.com/codeclimate/test-reporter/formatters/source_file.go:115.2,115.12 1 1
github.com/codeclimate/test-reporter/formatters/source_file.go:103.16,105.3 1 0
github.com/codeclimate/test-reporter/formatters/source_file.go:106.26,107.31 1 1
github.com/codeclimate/test-reporter/formatters/source_file.go:113.3,113.17 1 1
github.com/codeclimate/test-reporter/formatters/source_file.go:107.31,109.18 2 0
github.com/codeclimate/test-reporter/formatters/source_file.go:109.18,111.5 1 0
github.com/codeclimate/test-reporter/formatters/coverage.go:16.49,18.22 2 0
github.com/codeclimate/test-reporter/formatters/coverage.go:21.2,23.16 3 0
github.com/codeclimate/test-reporter/formatters/coverage.go:26.2,26.53 1 0
github.com/codeclimate/test-reporter/formatters/coverage.go:18.22,20.3 1 0
github.com/codeclimate/test-reporter/formatters/coverage.go:23.16,25.3 1 0
github.com/codeclimate/test-reporter/formatters/coverage.go:29.53,35.16 6 1
github.com/codeclimate/test-reporter/formatters/coverage.go:38.2,39.12 2 1
github.com/codeclimate/test-reporter/formatters/coverage.go:35.16,37.3 1 0
github.com/codeclimate/test-reporter/formatters/line_counts.go:9.47,11.2 1 1
